# 

# int 

# <тип> 

# <тип> IDN 

# <тип> IDN = 

# <тип> IDN = CON 

# <тип> IDN = <вираз у дужках> 

# <тип> IDN = <добуток> 

# <тип> IDN = <дб> 

# <тип> IDN = <арифметичний вираз> 

# <тип> IDN = <арифметичний вираз> == 

# <тип> IDN = <арифметичний вираз> <знак відношення> 

# <тип> IDN = <арифметичний вираз> <знак відношення> CON 

# <тип> IDN = <арифметичний вираз> <знак відношення> <вираз у дужках> 

# <тип> IDN = <арифметичний вираз> <знак відношення> <добуток> 

# <тип> IDN = <арифметичний вираз> <знак відношення> <дб> 

# <тип> IDN = <арифметичний вираз> <знак відношення> <арифметичний вираз> 

# <тип> IDN = <арифметичний вираз> <знак відношення> <аф> 

# <тип> IDN = <відношення> 

# <тип> IDN = <відн> 

# <тип> <оператор присвоєння> 

# <тип> <оператор присвоєння> , 

# <тип> <оператор присвоєння> , IDN 

# <тип> <оператор присвоєння> , IDN = 

# <тип> <оператор присвоєння> , IDN = CON 

# <тип> <оператор присвоєння> , IDN = <вираз у дужках> 

# <тип> <оператор присвоєння> , IDN = <добуток> 

# <тип> <оператор присвоєння> , IDN = <дб> 

# <тип> <оператор присвоєння> , IDN = <арифметичний вираз> 

# <тип> <оператор присвоєння> , IDN = <арифметичний вираз> + 

# <тип> <оператор присвоєння> , IDN = <арифметичний вираз> + CON 

# <тип> <оператор присвоєння> , IDN = <арифметичний вираз> + <вираз у дужках> 

# <тип> <оператор присвоєння> , IDN = <арифметичний вираз> + <добуток> 

# <тип> <оператор присвоєння> , IDN = <арифметичний вираз> + <дб> 

# <тип> <оператор присвоєння> , IDN = <арифметичний вираз> 

# <тип> <оператор присвоєння> , IDN = <аф> 

# <тип> <оператор присвоєння> , <оператор присвоєння> 

# <тип> <оператор присвоєння> , <оператор присвоєння> , 

# <тип> <оператор присвоєння> , <список змінних> 

# <тип> <список змінних> 

# <ініціалізація змінних> 

# <ініціалізація змінних> \n 

# <ініціалізація змінних> \n int 

# <ініціалізація змінних> \n <тип> 

# <ініціалізація змінних> \n <тип> IDN 

# <ініціалізація змінних> \n <тип> IDN = 

# <ініціалізація змінних> \n <тип> IDN = CON 

# <ініціалізація змінних> \n <тип> IDN = <вираз у дужках> 

# <ініціалізація змінних> \n <тип> IDN = <добуток> 

# <ініціалізація змінних> \n <тип> IDN = <дб> 

# <ініціалізація змінних> \n <тип> IDN = <арифметичний вираз> 

# <ініціалізація змінних> \n <тип> IDN = <арифметичний вираз> - 

# <ініціалізація змінних> \n <тип> IDN = <арифметичний вираз> - CON 

# <ініціалізація змінних> \n <тип> IDN = <арифметичний вираз> - <вираз у дужках> 

# <ініціалізація змінних> \n <тип> IDN = <арифметичний вираз> - <добуток> 

# <ініціалізація змінних> \n <тип> IDN = <арифметичний вираз> - <добуток> / 

# <ініціалізація змінних> \n <тип> IDN = <арифметичний вираз> - <добуток> / ( 

# <ініціалізація змінних> \n <тип> IDN = <арифметичний вираз> - <добуток> / ( CON 

# <ініціалізація змінних> \n <тип> IDN = <арифметичний вираз> - <добуток> / ( <вираз у дужках> 

# <ініціалізація змінних> \n <тип> IDN = <арифметичний вираз> - <добуток> / ( <добуток> 

# <ініціалізація змінних> \n <тип> IDN = <арифметичний вираз> - <добуток> / ( <дб> 

# <ініціалізація змінних> \n <тип> IDN = <арифметичний вираз> - <добуток> / ( <арифметичний вираз> 

# <ініціалізація змінних> \n <тип> IDN = <арифметичний вираз> - <добуток> / ( <арифметичний вираз> - 

# <ініціалізація змінних> \n <тип> IDN = <арифметичний вираз> - <добуток> / ( <арифметичний вираз> - CON 

# <ініціалізація змінних> \n <тип> IDN = <арифметичний вираз> - <добуток> / ( <арифметичний вираз> - <вираз у дужках> 

# <ініціалізація змінних> \n <тип> IDN = <арифметичний вираз> - <добуток> / ( <арифметичний вираз> - <добуток> 

# <ініціалізація змінних> \n <тип> IDN = <арифметичний вираз> - <добуток> / ( <арифметичний вираз> - <дб> 

# <ініціалізація змінних> \n <тип> IDN = <арифметичний вираз> - <добуток> / ( <арифметичний вираз> 

# <ініціалізація змінних> \n <тип> IDN = <арифметичний вираз> - <добуток> / ( <аф> 

# <ініціалізація змінних> \n <тип> IDN = <арифметичний вираз> - <добуток> / ( <аф1> 

# <ініціалізація змінних> \n <тип> IDN = <арифметичний вираз> - <добуток> / ( <аф1> ) 

# <ініціалізація змінних> \n <тип> IDN = <арифметичний вираз> - <добуток> / <вираз у дужках> 

# <ініціалізація змінних> \n <тип> IDN = <арифметичний вираз> - <добуток> 

# <ініціалізація змінних> \n <тип> IDN = <арифметичний вираз> - <дб> 

# <ініціалізація змінних> \n <тип> IDN = <арифметичний вираз> 

# <ініціалізація змінних> \n <тип> IDN = <аф> 

# <ініціалізація змінних> \n <тип> <оператор присвоєння> 

# <ініціалізація змінних> \n <тип> <оператор присвоєння> , 

# <ініціалізація змінних> \n <тип> <список змінних> 

# <ініціалізація змінних> \n <ініціалізація змінних> 

# <ініціалізація змінних> \n <ініціалізація змінних> \n 

# <ініціалізація змінних> \n <ініціалізація змінних> \n double 

# <ініціалізація змінних> \n <ініціалізація змінних> \n <тип> 

# <ініціалізація змінних> \n <ініціалізація змінних> \n <тип> IDN 

# <ініціалізація змінних> \n <ініціалізація змінних> \n <тип> IDN = 

# <ініціалізація змінних> \n <ініціалізація змінних> \n <тип> IDN = CON 

# <ініціалізація змінних> \n <ініціалізація змінних> \n <тип> IDN = <вираз у дужках> 

# <ініціалізація змінних> \n <ініціалізація змінних> \n <тип> IDN = <добуток> 

# <ініціалізація змінних> \n <ініціалізація змінних> \n <тип> IDN = <дб> 

# <ініціалізація змінних> \n <ініціалізація змінних> \n <тип> IDN = <арифметичний вираз> 

# <ініціалізація змінних> \n <ініціалізація змінних> \n <тип> IDN = <аф> 

# <ініціалізація змінних> \n <ініціалізація змінних> \n <тип> <оператор присвоєння> 

# <ініціалізація змінних> \n <ініціалізація змінних> \n <тип> <оператор присвоєння> , 

# <ініціалізація змінних> \n <ініціалізація змінних> \n <тип> <список змінних> 

# <ініціалізація змінних> \n <ініціалізація змінних> \n <ініціалізація змінних> 

# <ініціалізація змінних> \n <ініціалізація змінних> \n <ініціалізація змінних> \n 

# <ініціалізація змінних> \n <ініціалізація змінних> \n <блок змінних> 

# <ініціалізація змінних> \n <блок змінних> 

# <блок змінних> 

# <бз> 

# <бз> { 

# <бз> { POINTER 

# <бз> { <мітка> 

# <бз> { <оператор> 

# <бз> { <оператор> \n 

# <бз> { <оператор> \n POINTER 

# <бз> { <оператор> \n POINTER : 

# <бз> { <оператор> \n <мітка> 

# <бз> { <оператор> \n <оператор> 

# <бз> { <оператор> \n <оператор> \n 

# <бз> { <оператор> \n <оператор> \n cout 

# <бз> { <оператор> \n <оператор> \n cout >> 

# <бз> { <оператор> \n <оператор> \n cout >> IDN 

# <бз> { <оператор> \n <оператор> \n cout >> <ідентифікатор> 

# <бз> { <оператор> \n <оператор> \n cout >> <вираз у дужках> 

# <бз> { <оператор> \n <оператор> \n cout >> <добуток> 

# <бз> { <оператор> \n <оператор> \n cout >> <дб> 

# <бз> { <оператор> \n <оператор> \n cout >> <арифметичний вираз> 

# <бз> { <оператор> \n <оператор> \n cout >> <аф> 

# <бз> { <оператор> \n <оператор> \n cout <вираз оператора виводу> 

# <бз> { <оператор> \n <оператор> \n cout <аргументи оператора виводу> 

# <бз> { <оператор> \n <оператор> \n <оператор виводу> 

# <бз> { <оператор> \n <оператор> \n <оператор> 

# <бз> { <оператор> \n <оператор> \n <оператор> \n 

# <бз> { <оператор> \n <оператор> \n <блок операторів> 

# <бз> { <оператор> \n <бо2> 

# <бз> { <оператор> \n <блок операторів> 

# <бз> { <бо2> 

# <бз> { <блок операторів> 

# <бз> { <блок операторів1> 

# <бз> { <блок операторів1> } 

# <програма> 

# 
# int 
# <тип> 
# <тип> IDN 
# <тип> IDN = 
# <тип> IDN = CON 
# <тип> IDN = <вираз у дужках> 
# <тип> IDN = <добуток> 
# <тип> IDN = <дб> 
# <тип> IDN = <арифметичний вираз> 
# <тип> IDN = <арифметичний вираз> == 
# <тип> IDN = <арифметичний вираз> <знак відношення> 
# <тип> IDN = <арифметичний вираз> <знак відношення> CON 
# <тип> IDN = <арифметичний вираз> <знак відношення> <вираз у дужках> 
# <тип> IDN = <арифметичний вираз> <знак відношення> <добуток> 
# <тип> IDN = <арифметичний вираз> <знак відношення> <дб> 
# <тип> IDN = <арифметичний вираз> <знак відношення> <арифметичний вираз> 
# <тип> IDN = <арифметичний вираз> <знак відношення> <аф> 
# <тип> IDN = <відношення> 
# <тип> IDN = <відн> 
# <тип> <оператор присвоєння> 
# <тип> <оператор присвоєння> , 
# <тип> <оператор присвоєння> , IDN 
# <тип> <оператор присвоєння> , IDN = 
# <тип> <оператор присвоєння> , IDN = CON 
# <тип> <оператор присвоєння> , IDN = <вираз у дужках> 
# <тип> <оператор присвоєння> , IDN = <добуток> 
# <тип> <оператор присвоєння> , IDN = <дб> 
# <тип> <оператор присвоєння> , IDN = <арифметичний вираз> 
# <тип> <оператор присвоєння> , IDN = <арифметичний вираз> + 
# <тип> <оператор присвоєння> , IDN = <арифметичний вираз> + CON 
# <тип> <оператор присвоєння> , IDN = <арифметичний вираз> + <вираз у дужках> 
# <тип> <оператор присвоєння> , IDN = <арифметичний вираз> + <добуток> 
# <тип> <оператор присвоєння> , IDN = <арифметичний вираз> + <дб> 
# <тип> <оператор присвоєння> , IDN = <арифметичний вираз> 
# <тип> <оператор присвоєння> , IDN = <аф> 
# <тип> <оператор присвоєння> , <оператор присвоєння> 
# <тип> <оператор присвоєння> , <оператор присвоєння> , 
# <тип> <оператор присвоєння> , <список змінних> 
# <тип> <список змінних> 
# <ініціалізація змінних> 
# <ініціалізація змінних> \n 
# <ініціалізація змінних> \n int 
# <ініціалізація змінних> \n <тип> 
# <ініціалізація змінних> \n <тип> IDN 
# <ініціалізація змінних> \n <тип> IDN = 
# <ініціалізація змінних> \n <тип> IDN = CON 
# <ініціалізація змінних> \n <тип> IDN = <вираз у дужках> 
# <ініціалізація змінних> \n <тип> IDN = <добуток> 
# <ініціалізація змінних> \n <тип> IDN = <дб> 
# <ініціалізація змінних> \n <тип> IDN = <арифметичний вираз> 
# <ініціалізація змінних> \n <тип> IDN = <арифметичний вираз> - 
# <ініціалізація змінних> \n <тип> IDN = <арифметичний вираз> - CON 
# <ініціалізація змінних> \n <тип> IDN = <арифметичний вираз> - <вираз у дужках> 
# <ініціалізація змінних> \n <тип> IDN = <арифметичний вираз> - <добуток> 
# <ініціалізація змінних> \n <тип> IDN = <арифметичний вираз> - <добуток> / 
# <ініціалізація змінних> \n <тип> IDN = <арифметичний вираз> - <добуток> / ( 
# <ініціалізація змінних> \n <тип> IDN = <арифметичний вираз> - <добуток> / ( CON 
# <ініціалізація змінних> \n <тип> IDN = <арифметичний вираз> - <добуток> / ( <вираз у дужках> 
# <ініціалізація змінних> \n <тип> IDN = <арифметичний вираз> - <добуток> / ( <добуток> 
# <ініціалізація змінних> \n <тип> IDN = <арифметичний вираз> - <добуток> / ( <дб> 
# <ініціалізація змінних> \n <тип> IDN = <арифметичний вираз> - <добуток> / ( <арифметичний вираз> 
# <ініціалізація змінних> \n <тип> IDN = <арифметичний вираз> - <добуток> / ( <арифметичний вираз> - 
# <ініціалізація змінних> \n <тип> IDN = <арифметичний вираз> - <добуток> / ( <арифметичний вираз> - CON 
# <ініціалізація змінних> \n <тип> IDN = <арифметичний вираз> - <добуток> / ( <арифметичний вираз> - <вираз у дужках> 
# <ініціалізація змінних> \n <тип> IDN = <арифметичний вираз> - <добуток> / ( <арифметичний вираз> - <добуток> 
# <ініціалізація змінних> \n <тип> IDN = <арифметичний вираз> - <добуток> / ( <арифметичний вираз> - <дб> 
# <ініціалізація змінних> \n <тип> IDN = <арифметичний вираз> - <добуток> / ( <арифметичний вираз> 
# <ініціалізація змінних> \n <тип> IDN = <арифметичний вираз> - <добуток> / ( <аф> 
# <ініціалізація змінних> \n <тип> IDN = <арифметичний вираз> - <добуток> / ( <аф1> 
# <ініціалізація змінних> \n <тип> IDN = <арифметичний вираз> - <добуток> / ( <аф1> ) 
# <ініціалізація змінних> \n <тип> IDN = <арифметичний вираз> - <добуток> / <вираз у дужках> 
# <ініціалізація змінних> \n <тип> IDN = <арифметичний вираз> - <добуток> 
# <ініціалізація змінних> \n <тип> IDN = <арифметичний вираз> - <дб> 
# <ініціалізація змінних> \n <тип> IDN = <арифметичний вираз> 
# <ініціалізація змінних> \n <тип> IDN = <аф> 
# <ініціалізація змінних> \n <тип> <оператор присвоєння> 
# <ініціалізація змінних> \n <тип> <оператор присвоєння> , 
# <ініціалізація змінних> \n <тип> <список змінних> 
# <ініціалізація змінних> \n <ініціалізація змінних> 
# <ініціалізація змінних> \n <ініціалізація змінних> \n 
# <ініціалізація змінних> \n <ініціалізація змінних> \n double 
# <ініціалізація змінних> \n <ініціалізація змінних> \n <тип> 
# <ініціалізація змінних> \n <ініціалізація змінних> \n <тип> IDN 
# <ініціалізація змінних> \n <ініціалізація змінних> \n <тип> IDN = 
# <ініціалізація змінних> \n <ініціалізація змінних> \n <тип> IDN = CON 
# <ініціалізація змінних> \n <ініціалізація змінних> \n <тип> IDN = <вираз у дужках> 
# <ініціалізація змінних> \n <ініціалізація змінних> \n <тип> IDN = <добуток> 
# <ініціалізація змінних> \n <ініціалізація змінних> \n <тип> IDN = <дб> 
# <ініціалізація змінних> \n <ініціалізація змінних> \n <тип> IDN = <арифметичний вираз> 
# <ініціалізація змінних> \n <ініціалізація змінних> \n <тип> IDN = <аф> 
# <ініціалізація змінних> \n <ініціалізація змінних> \n <тип> <оператор присвоєння> 
# <ініціалізація змінних> \n <ініціалізація змінних> \n <тип> <оператор присвоєння> , 
# <ініціалізація змінних> \n <ініціалізація змінних> \n <тип> <список змінних> 
# <ініціалізація змінних> \n <ініціалізація змінних> \n <ініціалізація змінних> 
# <ініціалізація змінних> \n <ініціалізація змінних> \n <ініціалізація змінних> \n 
# <ініціалізація змінних> \n <ініціалізація змінних> \n <блок змінних> 
# <ініціалізація змінних> \n <блок змінних> 
# <блок змінних> 
# <бз> 
# <бз> { 
# <бз> { POINTER 
# <бз> { <мітка> 
# <бз> { <оператор> 
# <бз> { <оператор> \n 
# <бз> { <оператор> \n POINTER 
# <бз> { <оператор> \n POINTER : 
# <бз> { <оператор> \n <мітка> 
# <бз> { <оператор> \n <оператор> 
# <бз> { <оператор> \n <оператор> \n 
# <бз> { <оператор> \n <оператор> \n cout 
# <бз> { <оператор> \n <оператор> \n cout >> 
# <бз> { <оператор> \n <оператор> \n cout >> IDN 
# <бз> { <оператор> \n <оператор> \n cout >> <ідентифікатор> 
# <бз> { <оператор> \n <оператор> \n cout >> <вираз у дужках> 
# <бз> { <оператор> \n <оператор> \n cout >> <добуток> 
# <бз> { <оператор> \n <оператор> \n cout >> <дб> 
# <бз> { <оператор> \n <оператор> \n cout >> <арифметичний вираз> 
# <бз> { <оператор> \n <оператор> \n cout >> <аф> 
# <бз> { <оператор> \n <оператор> \n cout <вираз оператора виводу> 
# <бз> { <оператор> \n <оператор> \n cout <аргументи оператора виводу> 
# <бз> { <оператор> \n <оператор> \n <оператор виводу> 
# <бз> { <оператор> \n <оператор> \n <оператор> 
# <бз> { <оператор> \n <оператор> \n <оператор> \n 
# <бз> { <оператор> \n <оператор> \n <блок операторів> 
# <бз> { <оператор> \n <бо2> 
# <бз> { <оператор> \n <блок операторів> 
# <бз> { <бо2> 
# <бз> { <блок операторів> 
# <бз> { <блок операторів1> 
# <бз> { <блок операторів1> } 
# <програма> 
# 
# int 
# <тип> 
# <тип> IDN 
# <тип> IDN = 
# <тип> IDN = CON 
# <тип> IDN = <вираз у дужках> 
# <тип> IDN = <добуток> 
# <тип> IDN = <дб> 
# <тип> IDN = <арифметичний вираз> 
# <тип> IDN = <арифметичний вираз> == 
# <тип> IDN = <арифметичний вираз> <знак відношення> 
# <тип> IDN = <арифметичний вираз> <знак відношення> CON 
# <тип> IDN = <арифметичний вираз> <знак відношення> <вираз у дужках> 
# <тип> IDN = <арифметичний вираз> <знак відношення> <добуток> 
# <тип> IDN = <арифметичний вираз> <знак відношення> <дб> 
# <тип> IDN = <арифметичний вираз> <знак відношення> <арифметичний вираз> 
# <тип> IDN = <арифметичний вираз> <знак відношення> <аф> 
# <тип> IDN = <відношення> 
# <тип> IDN = <відн> 
# <тип> <оператор присвоєння> 
# <тип> <оператор присвоєння> , 
# <тип> <оператор присвоєння> , IDN 
# <тип> <оператор присвоєння> , IDN = 
# <тип> <оператор присвоєння> , IDN = CON 
# <тип> <оператор присвоєння> , IDN = <вираз у дужках> 
# <тип> <оператор присвоєння> , IDN = <добуток> 
# <тип> <оператор присвоєння> , IDN = <дб> 
# <тип> <оператор присвоєння> , IDN = <арифметичний вираз> 
# <тип> <оператор присвоєння> , IDN = <арифметичний вираз> + 
# <тип> <оператор присвоєння> , IDN = <арифметичний вираз> + CON 
# <тип> <оператор присвоєння> , IDN = <арифметичний вираз> + <вираз у дужках> 
# <тип> <оператор присвоєння> , IDN = <арифметичний вираз> + <добуток> 
# <тип> <оператор присвоєння> , IDN = <арифметичний вираз> + <дб> 
# <тип> <оператор присвоєння> , IDN = <арифметичний вираз> 
# <тип> <оператор присвоєння> , IDN = <аф> 
# <тип> <оператор присвоєння> , <оператор присвоєння> 
# <тип> <оператор присвоєння> , <оператор присвоєння> , 
# <тип> <оператор присвоєння> , <список змінних> 
# <тип> <список змінних> 
# <ініціалізація змінних> 
# <ініціалізація змінних> \n 
# <ініціалізація змінних> \n int 
# <ініціалізація змінних> \n <тип> 
# <ініціалізація змінних> \n <тип> IDN 
# <ініціалізація змінних> \n <тип> IDN = 
# <ініціалізація змінних> \n <тип> IDN = CON 
# <ініціалізація змінних> \n <тип> IDN = <вираз у дужках> 
# <ініціалізація змінних> \n <тип> IDN = <добуток> 
# <ініціалізація змінних> \n <тип> IDN = <дб> 
# <ініціалізація змінних> \n <тип> IDN = <арифметичний вираз> 
# <ініціалізація змінних> \n <тип> IDN = <арифметичний вираз> - 
# <ініціалізація змінних> \n <тип> IDN = <арифметичний вираз> - CON 
# <ініціалізація змінних> \n <тип> IDN = <арифметичний вираз> - <вираз у дужках> 
# <ініціалізація змінних> \n <тип> IDN = <арифметичний вираз> - <добуток> 
# <ініціалізація змінних> \n <тип> IDN = <арифметичний вираз> - <добуток> / 
# <ініціалізація змінних> \n <тип> IDN = <арифметичний вираз> - <добуток> / ( 
# <ініціалізація змінних> \n <тип> IDN = <арифметичний вираз> - <добуток> / ( CON 
# <ініціалізація змінних> \n <тип> IDN = <арифметичний вираз> - <добуток> / ( <вираз у дужках> 
# <ініціалізація змінних> \n <тип> IDN = <арифметичний вираз> - <добуток> / ( <добуток> 
# <ініціалізація змінних> \n <тип> IDN = <арифметичний вираз> - <добуток> / ( <дб> 
# <ініціалізація змінних> \n <тип> IDN = <арифметичний вираз> - <добуток> / ( <арифметичний вираз> 
# <ініціалізація змінних> \n <тип> IDN = <арифметичний вираз> - <добуток> / ( <арифметичний вираз> - 
# <ініціалізація змінних> \n <тип> IDN = <арифметичний вираз> - <добуток> / ( <арифметичний вираз> - CON 
# <ініціалізація змінних> \n <тип> IDN = <арифметичний вираз> - <добуток> / ( <арифметичний вираз> - <вираз у дужках> 
# <ініціалізація змінних> \n <тип> IDN = <арифметичний вираз> - <добуток> / ( <арифметичний вираз> - <добуток> 
# <ініціалізація змінних> \n <тип> IDN = <арифметичний вираз> - <добуток> / ( <арифметичний вираз> - <дб> 
# <ініціалізація змінних> \n <тип> IDN = <арифметичний вираз> - <добуток> / ( <арифметичний вираз> 
# <ініціалізація змінних> \n <тип> IDN = <арифметичний вираз> - <добуток> / ( <аф> 
# <ініціалізація змінних> \n <тип> IDN = <арифметичний вираз> - <добуток> / ( <аф1> 
# <ініціалізація змінних> \n <тип> IDN = <арифметичний вираз> - <добуток> / ( <аф1> ) 
# <ініціалізація змінних> \n <тип> IDN = <арифметичний вираз> - <добуток> / <вираз у дужках> 
# <ініціалізація змінних> \n <тип> IDN = <арифметичний вираз> - <добуток> 
# <ініціалізація змінних> \n <тип> IDN = <арифметичний вираз> - <дб> 
# <ініціалізація змінних> \n <тип> IDN = <арифметичний вираз> 
# <ініціалізація змінних> \n <тип> IDN = <аф> 
# <ініціалізація змінних> \n <тип> <оператор присвоєння> 
# <ініціалізація змінних> \n <тип> <оператор присвоєння> , 
# <ініціалізація змінних> \n <тип> <список змінних> 
# <ініціалізація змінних> \n <ініціалізація змінних> 
# <ініціалізація змінних> \n <ініціалізація змінних> \n 
# <ініціалізація змінних> \n <ініціалізація змінних> \n double 
# <ініціалізація змінних> \n <ініціалізація змінних> \n <тип> 
# <ініціалізація змінних> \n <ініціалізація змінних> \n <тип> IDN 
# <ініціалізація змінних> \n <ініціалізація змінних> \n <тип> IDN = 
# <ініціалізація змінних> \n <ініціалізація змінних> \n <тип> IDN = CON 
# <ініціалізація змінних> \n <ініціалізація змінних> \n <тип> IDN = <вираз у дужках> 
# <ініціалізація змінних> \n <ініціалізація змінних> \n <тип> IDN = <добуток> 
# <ініціалізація змінних> \n <ініціалізація змінних> \n <тип> IDN = <дб> 
# <ініціалізація змінних> \n <ініціалізація змінних> \n <тип> IDN = <арифметичний вираз> 
# <ініціалізація змінних> \n <ініціалізація змінних> \n <тип> IDN = <аф> 
# <ініціалізація змінних> \n <ініціалізація змінних> \n <тип> <оператор присвоєння> 
# <ініціалізація змінних> \n <ініціалізація змінних> \n <тип> <оператор присвоєння> , 
# <ініціалізація змінних> \n <ініціалізація змінних> \n <тип> <список змінних> 
# <ініціалізація змінних> \n <ініціалізація змінних> \n <ініціалізація змінних> 
# <ініціалізація змінних> \n <ініціалізація змінних> \n <ініціалізація змінних> \n 
# <ініціалізація змінних> \n <ініціалізація змінних> \n <блок змінних> 
# <ініціалізація змінних> \n <блок змінних> 
# <блок змінних> 
# <бз> 
# <бз> { 
# <бз> { POINTER 
# <бз> { <мітка> 
# <бз> { <оператор> 
# <бз> { <оператор> \n 
# <бз> { <оператор> \n POINTER 
# <бз> { <оператор> \n POINTER : 
# <бз> { <оператор> \n <мітка> 
# <бз> { <оператор> \n <оператор> 
# <бз> { <оператор> \n <оператор> \n 
# <бз> { <оператор> \n <оператор> \n cout 
# <бз> { <оператор> \n <оператор> \n cout >> 
# <бз> { <оператор> \n <оператор> \n cout >> IDN 
# <бз> { <оператор> \n <оператор> \n cout >> <ідентифікатор> 
# <бз> { <оператор> \n <оператор> \n cout >> <вираз у дужках> 
# <бз> { <оператор> \n <оператор> \n cout >> <добуток> 
# <бз> { <оператор> \n <оператор> \n cout >> <дб> 
# <бз> { <оператор> \n <оператор> \n cout >> <арифметичний вираз> 
# <бз> { <оператор> \n <оператор> \n cout >> <аф> 
# <бз> { <оператор> \n <оператор> \n cout <вираз оператора виводу> 
# <бз> { <оператор> \n <оператор> \n cout <аргументи оператора виводу> 
# <бз> { <оператор> \n <оператор> \n <оператор виводу> 
# <бз> { <оператор> \n <оператор> \n <оператор> 
# <бз> { <оператор> \n <оператор> \n <оператор> \n 
# <бз> { <оператор> \n <оператор> \n <блок операторів> 
# <бз> { <оператор> \n <бо2> 
# <бз> { <оператор> \n <блок операторів> 
# <бз> { <бо2> 
# <бз> { <блок операторів> 
# <бз> { <блок операторів1> 
# <бз> { <блок операторів1> } 
# <програма> 
# 
# int 
# <тип> 
# <тип> IDN 
# <тип> IDN = 
# <тип> IDN = CON 
# <тип> IDN = <вираз у дужках> 
# <тип> IDN = <добуток> 
# <тип> IDN = <дб> 
# <тип> IDN = <арифметичний вираз> 
# <тип> IDN = <арифметичний вираз> == 
# <тип> IDN = <арифметичний вираз> <знак відношення> 
# <тип> IDN = <арифметичний вираз> <знак відношення> CON 
# <тип> IDN = <арифметичний вираз> <знак відношення> <вираз у дужках> 
# <тип> IDN = <арифметичний вираз> <знак відношення> <добуток> 
# <тип> IDN = <арифметичний вираз> <знак відношення> <дб> 
# <тип> IDN = <арифметичний вираз> <знак відношення> <арифметичний вираз> 
# <тип> IDN = <арифметичний вираз> <знак відношення> <аф> 
# <тип> IDN = <відношення> 
# <тип> IDN = <відн> 
# <тип> <оператор присвоєння> 
# <тип> <оператор присвоєння> , 
# <тип> <оператор присвоєння> , IDN 
# <тип> <оператор присвоєння> , IDN = 
# <тип> <оператор присвоєння> , IDN = CON 
# <тип> <оператор присвоєння> , IDN = <вираз у дужках> 
# <тип> <оператор присвоєння> , IDN = <добуток> 
# <тип> <оператор присвоєння> , IDN = <дб> 
# <тип> <оператор присвоєння> , IDN = <арифметичний вираз> 
# <тип> <оператор присвоєння> , IDN = <арифметичний вираз> + 
# <тип> <оператор присвоєння> , IDN = <арифметичний вираз> + CON 
# <тип> <оператор присвоєння> , IDN = <арифметичний вираз> + <вираз у дужках> 
# <тип> <оператор присвоєння> , IDN = <арифметичний вираз> + <добуток> 
# <тип> <оператор присвоєння> , IDN = <арифметичний вираз> + <дб> 
# <тип> <оператор присвоєння> , IDN = <арифметичний вираз> 
# <тип> <оператор присвоєння> , IDN = <аф> 
# <тип> <оператор присвоєння> , <оператор присвоєння> 
# <тип> <оператор присвоєння> , <оператор присвоєння> , 
# <тип> <оператор присвоєння> , <список змінних> 
# <тип> <список змінних> 
# <ініціалізація змінних> 
# <ініціалізація змінних> \n 
# <ініціалізація змінних> \n int 
# <ініціалізація змінних> \n <тип> 
# <ініціалізація змінних> \n <тип> IDN 
# <ініціалізація змінних> \n <тип> IDN = 
# <ініціалізація змінних> \n <тип> IDN = CON 
# <ініціалізація змінних> \n <тип> IDN = <вираз у дужках> 
# <ініціалізація змінних> \n <тип> IDN = <добуток> 
# <ініціалізація змінних> \n <тип> IDN = <дб> 
# <ініціалізація змінних> \n <тип> IDN = <арифметичний вираз> 
# <ініціалізація змінних> \n <тип> IDN = <арифметичний вираз> - 
# <ініціалізація змінних> \n <тип> IDN = <арифметичний вираз> - CON 
# <ініціалізація змінних> \n <тип> IDN = <арифметичний вираз> - <вираз у дужках> 
# <ініціалізація змінних> \n <тип> IDN = <арифметичний вираз> - <добуток> 
# <ініціалізація змінних> \n <тип> IDN = <арифметичний вираз> - <добуток> / 
# <ініціалізація змінних> \n <тип> IDN = <арифметичний вираз> - <добуток> / ( 
# <ініціалізація змінних> \n <тип> IDN = <арифметичний вираз> - <добуток> / ( CON 
# <ініціалізація змінних> \n <тип> IDN = <арифметичний вираз> - <добуток> / ( <вираз у дужках> 
# <ініціалізація змінних> \n <тип> IDN = <арифметичний вираз> - <добуток> / ( <добуток> 
# <ініціалізація змінних> \n <тип> IDN = <арифметичний вираз> - <добуток> / ( <дб> 
# <ініціалізація змінних> \n <тип> IDN = <арифметичний вираз> - <добуток> / ( <арифметичний вираз> 
# <ініціалізація змінних> \n <тип> IDN = <арифметичний вираз> - <добуток> / ( <арифметичний вираз> - 
# <ініціалізація змінних> \n <тип> IDN = <арифметичний вираз> - <добуток> / ( <арифметичний вираз> - CON 
# <ініціалізація змінних> \n <тип> IDN = <арифметичний вираз> - <добуток> / ( <арифметичний вираз> - <вираз у дужках> 
# <ініціалізація змінних> \n <тип> IDN = <арифметичний вираз> - <добуток> / ( <арифметичний вираз> - <добуток> 
# <ініціалізація змінних> \n <тип> IDN = <арифметичний вираз> - <добуток> / ( <арифметичний вираз> - <дб> 
# <ініціалізація змінних> \n <тип> IDN = <арифметичний вираз> - <добуток> / ( <арифметичний вираз> 
# <ініціалізація змінних> \n <тип> IDN = <арифметичний вираз> - <добуток> / ( <аф> 
# <ініціалізація змінних> \n <тип> IDN = <арифметичний вираз> - <добуток> / ( <аф1> 
# <ініціалізація змінних> \n <тип> IDN = <арифметичний вираз> - <добуток> / ( <аф1> ) 
# <ініціалізація змінних> \n <тип> IDN = <арифметичний вираз> - <добуток> / <вираз у дужках> 
# <ініціалізація змінних> \n <тип> IDN = <арифметичний вираз> - <добуток> 
# <ініціалізація змінних> \n <тип> IDN = <арифметичний вираз> - <дб> 
# <ініціалізація змінних> \n <тип> IDN = <арифметичний вираз> 
# <ініціалізація змінних> \n <тип> IDN = <аф> 
# <ініціалізація змінних> \n <тип> <оператор присвоєння> 
# <ініціалізація змінних> \n <тип> <оператор присвоєння> , 
# <ініціалізація змінних> \n <тип> <список змінних> 
# <ініціалізація змінних> \n <ініціалізація змінних> 
# <ініціалізація змінних> \n <ініціалізація змінних> \n 
# <ініціалізація змінних> \n <ініціалізація змінних> \n double 
# <ініціалізація змінних> \n <ініціалізація змінних> \n <тип> 
# <ініціалізація змінних> \n <ініціалізація змінних> \n <тип> IDN 
# <ініціалізація змінних> \n <ініціалізація змінних> \n <тип> IDN = 
# <ініціалізація змінних> \n <ініціалізація змінних> \n <тип> IDN = CON 
# <ініціалізація змінних> \n <ініціалізація змінних> \n <тип> IDN = <вираз у дужках> 
# <ініціалізація змінних> \n <ініціалізація змінних> \n <тип> IDN = <добуток> 
# <ініціалізація змінних> \n <ініціалізація змінних> \n <тип> IDN = <дб> 
# <ініціалізація змінних> \n <ініціалізація змінних> \n <тип> IDN = <арифметичний вираз> 
# <ініціалізація змінних> \n <ініціалізація змінних> \n <тип> IDN = <аф> 
# <ініціалізація змінних> \n <ініціалізація змінних> \n <тип> <оператор присвоєння> 
# <ініціалізація змінних> \n <ініціалізація змінних> \n <тип> <оператор присвоєння> , 
# <ініціалізація змінних> \n <ініціалізація змінних> \n <тип> <список змінних> 
# <ініціалізація змінних> \n <ініціалізація змінних> \n <ініціалізація змінних> 
# <ініціалізація змінних> \n <ініціалізація змінних> \n <ініціалізація змінних> \n 
# <ініціалізація змінних> \n <ініціалізація змінних> \n <блок змінних> 
# <ініціалізація змінних> \n <блок змінних> 
# <блок змінних> 
# <бз> 
# <бз> { 
# <бз> { POINTER 
# <бз> { <мітка> 
# <бз> { <оператор> 
# <бз> { <оператор> \n 
# <бз> { <оператор> \n POINTER 
# <бз> { <оператор> \n POINTER : 
# <бз> { <оператор> \n <мітка> 
# <бз> { <оператор> \n <оператор> 
# <бз> { <оператор> \n <оператор> \n 
# <бз> { <оператор> \n <оператор> \n cout 
# <бз> { <оператор> \n <оператор> \n cout >> 
# <бз> { <оператор> \n <оператор> \n cout >> IDN 
# <бз> { <оператор> \n <оператор> \n cout >> <ідентифікатор> 
# <бз> { <оператор> \n <оператор> \n cout >> <вираз у дужках> 
# <бз> { <оператор> \n <оператор> \n cout >> <добуток> 
# <бз> { <оператор> \n <оператор> \n cout >> <дб> 
# <бз> { <оператор> \n <оператор> \n cout >> <арифметичний вираз> 
# <бз> { <оператор> \n <оператор> \n cout >> <аф> 
# <бз> { <оператор> \n <оператор> \n cout <вираз оператора виводу> 
# <бз> { <оператор> \n <оператор> \n cout <аргументи оператора виводу> 
# <бз> { <оператор> \n <оператор> \n <оператор виводу> 
# <бз> { <оператор> \n <оператор> \n <оператор> 
# <бз> { <оператор> \n <оператор> \n <оператор> \n 
# <бз> { <оператор> \n <оператор> \n <блок операторів> 
# <бз> { <оператор> \n <бо2> 
# <бз> { <оператор> \n <блок операторів> 
# <бз> { <бо2> 
# <бз> { <блок операторів> 
# <бз> { <блок операторів1> 
# <бз> { <блок операторів1> } 
# <програма> 
# 
# int 
# <тип> 
# <тип> IDN 
# <тип> IDN = 
# <тип> IDN = CON 
# <тип> IDN = <вираз у дужках> 
# <тип> IDN = <добуток> 
# <тип> IDN = <дб> 
# <тип> IDN = <арифметичний вираз> 
# <тип> IDN = <арифметичний вираз> == 
# <тип> IDN = <арифметичний вираз> <знак відношення> 
# <тип> IDN = <арифметичний вираз> <знак відношення> CON 
# <тип> IDN = <арифметичний вираз> <знак відношення> <вираз у дужках> 
# <тип> IDN = <арифметичний вираз> <знак відношення> <добуток> 
# <тип> IDN = <арифметичний вираз> <знак відношення> <дб> 
# <тип> IDN = <арифметичний вираз> <знак відношення> <арифметичний вираз> 
# <тип> IDN = <арифметичний вираз> <знак відношення> <аф> 
# <тип> IDN = <відношення> 
# <тип> IDN = <відн> 
# <тип> <оператор присвоєння> 
# <тип> <оператор присвоєння> , 
# <тип> <оператор присвоєння> , IDN 
# <тип> <оператор присвоєння> , IDN = 
# <тип> <оператор присвоєння> , IDN = CON 
# <тип> <оператор присвоєння> , IDN = <вираз у дужках> 
# <тип> <оператор присвоєння> , IDN = <добуток> 
# <тип> <оператор присвоєння> , IDN = <дб> 
# <тип> <оператор присвоєння> , IDN = <арифметичний вираз> 
# <тип> <оператор присвоєння> , IDN = <арифметичний вираз> + 
# <тип> <оператор присвоєння> , IDN = <арифметичний вираз> + CON 
# <тип> <оператор присвоєння> , IDN = <арифметичний вираз> + <вираз у дужках> 
# <тип> <оператор присвоєння> , IDN = <арифметичний вираз> + <добуток> 
# <тип> <оператор присвоєння> , IDN = <арифметичний вираз> + <дб> 
# <тип> <оператор присвоєння> , IDN = <арифметичний вираз> 
# <тип> <оператор присвоєння> , IDN = <аф> 
# <тип> <оператор присвоєння> , <оператор присвоєння> 
# <тип> <оператор присвоєння> , <оператор присвоєння> , 
# <тип> <оператор присвоєння> , <список змінних> 
# <тип> <список змінних> 
# <ініціалізація змінних> 
# <ініціалізація змінних> \n 
# <ініціалізація змінних> \n int 
# <ініціалізація змінних> \n <тип> 
# <ініціалізація змінних> \n <тип> IDN 
# <ініціалізація змінних> \n <тип> IDN = 
# <ініціалізація змінних> \n <тип> IDN = CON 
# <ініціалізація змінних> \n <тип> IDN = <вираз у дужках> 
# <ініціалізація змінних> \n <тип> IDN = <добуток> 
# <ініціалізація змінних> \n <тип> IDN = <дб> 
# <ініціалізація змінних> \n <тип> IDN = <арифметичний вираз> 
# <ініціалізація змінних> \n <тип> IDN = <арифметичний вираз> - 
# <ініціалізація змінних> \n <тип> IDN = <арифметичний вираз> - CON 
# <ініціалізація змінних> \n <тип> IDN = <арифметичний вираз> - <вираз у дужках> 
# <ініціалізація змінних> \n <тип> IDN = <арифметичний вираз> - <добуток> 
# <ініціалізація змінних> \n <тип> IDN = <арифметичний вираз> - <добуток> / 
# <ініціалізація змінних> \n <тип> IDN = <арифметичний вираз> - <добуток> / ( 
# <ініціалізація змінних> \n <тип> IDN = <арифметичний вираз> - <добуток> / ( CON 
# <ініціалізація змінних> \n <тип> IDN = <арифметичний вираз> - <добуток> / ( <вираз у дужках> 
# <ініціалізація змінних> \n <тип> IDN = <арифметичний вираз> - <добуток> / ( <добуток> 
# <ініціалізація змінних> \n <тип> IDN = <арифметичний вираз> - <добуток> / ( <дб> 
# <ініціалізація змінних> \n <тип> IDN = <арифметичний вираз> - <добуток> / ( <арифметичний вираз> 
# <ініціалізація змінних> \n <тип> IDN = <арифметичний вираз> - <добуток> / ( <арифметичний вираз> - 
# <ініціалізація змінних> \n <тип> IDN = <арифметичний вираз> - <добуток> / ( <арифметичний вираз> - CON 
# <ініціалізація змінних> \n <тип> IDN = <арифметичний вираз> - <добуток> / ( <арифметичний вираз> - <вираз у дужках> 
# <ініціалізація змінних> \n <тип> IDN = <арифметичний вираз> - <добуток> / ( <арифметичний вираз> - <добуток> 
# <ініціалізація змінних> \n <тип> IDN = <арифметичний вираз> - <добуток> / ( <арифметичний вираз> - <дб> 
# <ініціалізація змінних> \n <тип> IDN = <арифметичний вираз> - <добуток> / ( <арифметичний вираз> 
# <ініціалізація змінних> \n <тип> IDN = <арифметичний вираз> - <добуток> / ( <аф> 
# <ініціалізація змінних> \n <тип> IDN = <арифметичний вираз> - <добуток> / ( <аф1> 
# <ініціалізація змінних> \n <тип> IDN = <арифметичний вираз> - <добуток> / ( <аф1> ) 
# <ініціалізація змінних> \n <тип> IDN = <арифметичний вираз> - <добуток> / <вираз у дужках> 
# <ініціалізація змінних> \n <тип> IDN = <арифметичний вираз> - <добуток> 
# <ініціалізація змінних> \n <тип> IDN = <арифметичний вираз> - <дб> 
# <ініціалізація змінних> \n <тип> IDN = <арифметичний вираз> 
# <ініціалізація змінних> \n <тип> IDN = <аф> 
# <ініціалізація змінних> \n <тип> <оператор присвоєння> 
# <ініціалізація змінних> \n <тип> <оператор присвоєння> , 
# <ініціалізація змінних> \n <тип> <список змінних> 
# <ініціалізація змінних> \n <ініціалізація змінних> 
# <ініціалізація змінних> \n <ініціалізація змінних> \n 
# <ініціалізація змінних> \n <ініціалізація змінних> \n double 
# <ініціалізація змінних> \n <ініціалізація змінних> \n <тип> 
# <ініціалізація змінних> \n <ініціалізація змінних> \n <тип> IDN 
# <ініціалізація змінних> \n <ініціалізація змінних> \n <тип> IDN = 
# <ініціалізація змінних> \n <ініціалізація змінних> \n <тип> IDN = CON 
# <ініціалізація змінних> \n <ініціалізація змінних> \n <тип> IDN = <вираз у дужках> 
# <ініціалізація змінних> \n <ініціалізація змінних> \n <тип> IDN = <добуток> 
# <ініціалізація змінних> \n <ініціалізація змінних> \n <тип> IDN = <дб> 
# <ініціалізація змінних> \n <ініціалізація змінних> \n <тип> IDN = <арифметичний вираз> 
# <ініціалізація змінних> \n <ініціалізація змінних> \n <тип> IDN = <аф> 
# <ініціалізація змінних> \n <ініціалізація змінних> \n <тип> <оператор присвоєння> 
# <ініціалізація змінних> \n <ініціалізація змінних> \n <тип> <оператор присвоєння> , 
# <ініціалізація змінних> \n <ініціалізація змінних> \n <тип> <список змінних> 
# <ініціалізація змінних> \n <ініціалізація змінних> \n <ініціалізація змінних> 
# <ініціалізація змінних> \n <ініціалізація змінних> \n <ініціалізація змінних> \n 
# <ініціалізація змінних> \n <ініціалізація змінних> \n <блок змінних> 
# <ініціалізація змінних> \n <блок змінних> 
# <блок змінних> 
# <бз> 
# <бз> { 
# <бз> { POINTER 
# <бз> { <мітка> 
# <бз> { <оператор> 
# <бз> { <оператор> \n 
# <бз> { <оператор> \n POINTER 
# <бз> { <оператор> \n POINTER : 
# <бз> { <оператор> \n <мітка> 
# <бз> { <оператор> \n <оператор> 
# <бз> { <оператор> \n <оператор> \n 
# <бз> { <оператор> \n <оператор> \n cout 
# <бз> { <оператор> \n <оператор> \n cout >> 
# <бз> { <оператор> \n <оператор> \n cout >> IDN 
# <бз> { <оператор> \n <оператор> \n cout >> <ідентифікатор> 
# <бз> { <оператор> \n <оператор> \n cout >> <вираз у дужках> 
# <бз> { <оператор> \n <оператор> \n cout >> <добуток> 
# <бз> { <оператор> \n <оператор> \n cout >> <дб> 
# <бз> { <оператор> \n <оператор> \n cout >> <арифметичний вираз> 
# <бз> { <оператор> \n <оператор> \n cout >> <аф> 
# <бз> { <оператор> \n <оператор> \n cout <вираз оператора виводу> 
# <бз> { <оператор> \n <оператор> \n cout <аргументи оператора виводу> 
# <бз> { <оператор> \n <оператор> \n <оператор виводу> 
# <бз> { <оператор> \n <оператор> \n <оператор> 
# <бз> { <оператор> \n <оператор> \n <оператор> \n 
# <бз> { <оператор> \n <оператор> \n <блок операторів> 
# <бз> { <оператор> \n <бо2> 
# <бз> { <оператор> \n <блок операторів> 
# <бз> { <бо2> 
# <бз> { <блок операторів> 
# <бз> { <блок операторів1> 
# <бз> { <блок операторів1> } 
# <програма> 
# 
# 
# 
# int 
# <тип> 
# <тип> IDN 
# <тип> IDN = 
# <тип> IDN = CON 
# <тип> IDN = <вираз у дужках> 
# <тип> IDN = <добуток> 
# <тип> IDN = <дб> 
# <тип> IDN = <арифметичний вираз> 
# <тип> IDN = <арифметичний вираз> == 
# <тип> IDN = <арифметичний вираз> <знак відношення> 
# <тип> IDN = <арифметичний вираз> <знак відношення> CON 
# <тип> IDN = <арифметичний вираз> <знак відношення> <вираз у дужках> 
# <тип> IDN = <арифметичний вираз> <знак відношення> <добуток> 
# <тип> IDN = <арифметичний вираз> <знак відношення> <дб> 
# <тип> IDN = <арифметичний вираз> <знак відношення> <арифметичний вираз> 
# <тип> IDN = <арифметичний вираз> <знак відношення> <аф> 
# <тип> IDN = <відношення> 
# <тип> IDN = <відн> 
# <тип> <оператор присвоєння> 
# <тип> <оператор присвоєння> , 
# <тип> <оператор присвоєння> , IDN 
# <тип> <оператор присвоєння> , IDN = 
# <тип> <оператор присвоєння> , IDN = CON 
# <тип> <оператор присвоєння> , IDN = <вираз у дужках> 
# <тип> <оператор присвоєння> , IDN = <добуток> 
# <тип> <оператор присвоєння> , IDN = <дб> 
# <тип> <оператор присвоєння> , IDN = <арифметичний вираз> 
# <тип> <оператор присвоєння> , IDN = <арифметичний вираз> + 
# <тип> <оператор присвоєння> , IDN = <арифметичний вираз> + CON 
# <тип> <оператор присвоєння> , IDN = <арифметичний вираз> + <вираз у дужках> 
# <тип> <оператор присвоєння> , IDN = <арифметичний вираз> + <добуток> 
# <тип> <оператор присвоєння> , IDN = <арифметичний вираз> + <дб> 
# <тип> <оператор присвоєння> , IDN = <арифметичний вираз> 
# <тип> <оператор присвоєння> , IDN = <аф> 
# <тип> <оператор присвоєння> , <оператор присвоєння> 
# <тип> <оператор присвоєння> , <оператор присвоєння> , 
# <тип> <оператор присвоєння> , <список змінних> 
# <тип> <список змінних> 
# <ініціалізація змінних> 
# <ініціалізація змінних> \n 
# <ініціалізація змінних> \n int 
# <ініціалізація змінних> \n <тип> 
# <ініціалізація змінних> \n <тип> IDN 
# <ініціалізація змінних> \n <тип> IDN = 
# <ініціалізація змінних> \n <тип> IDN = CON 
# <ініціалізація змінних> \n <тип> IDN = <вираз у дужках> 
# <ініціалізація змінних> \n <тип> IDN = <добуток> 
# <ініціалізація змінних> \n <тип> IDN = <дб> 
# <ініціалізація змінних> \n <тип> IDN = <арифметичний вираз> 
# <ініціалізація змінних> \n <тип> IDN = <арифметичний вираз> - 
# <ініціалізація змінних> \n <тип> IDN = <арифметичний вираз> - CON 
# <ініціалізація змінних> \n <тип> IDN = <арифметичний вираз> - <вираз у дужках> 
# <ініціалізація змінних> \n <тип> IDN = <арифметичний вираз> - <добуток> 
# <ініціалізація змінних> \n <тип> IDN = <арифметичний вираз> - <добуток> / 
# <ініціалізація змінних> \n <тип> IDN = <арифметичний вираз> - <добуток> / ( 
# <ініціалізація змінних> \n <тип> IDN = <арифметичний вираз> - <добуток> / ( CON 
# <ініціалізація змінних> \n <тип> IDN = <арифметичний вираз> - <добуток> / ( <вираз у дужках> 
# <ініціалізація змінних> \n <тип> IDN = <арифметичний вираз> - <добуток> / ( <добуток> 
# <ініціалізація змінних> \n <тип> IDN = <арифметичний вираз> - <добуток> / ( <дб> 
# <ініціалізація змінних> \n <тип> IDN = <арифметичний вираз> - <добуток> / ( <арифметичний вираз> 
# <ініціалізація змінних> \n <тип> IDN = <арифметичний вираз> - <добуток> / ( <арифметичний вираз> - 
# <ініціалізація змінних> \n <тип> IDN = <арифметичний вираз> - <добуток> / ( <арифметичний вираз> - CON 
# <ініціалізація змінних> \n <тип> IDN = <арифметичний вираз> - <добуток> / ( <арифметичний вираз> - <вираз у дужках> 
# <ініціалізація змінних> \n <тип> IDN = <арифметичний вираз> - <добуток> / ( <арифметичний вираз> - <добуток> 
# <ініціалізація змінних> \n <тип> IDN = <арифметичний вираз> - <добуток> / ( <арифметичний вираз> - <дб> 
# <ініціалізація змінних> \n <тип> IDN = <арифметичний вираз> - <добуток> / ( <арифметичний вираз> 
# <ініціалізація змінних> \n <тип> IDN = <арифметичний вираз> - <добуток> / ( <аф> 
# <ініціалізація змінних> \n <тип> IDN = <арифметичний вираз> - <добуток> / ( <аф1> 
# <ініціалізація змінних> \n <тип> IDN = <арифметичний вираз> - <добуток> / ( <аф1> ) 
# <ініціалізація змінних> \n <тип> IDN = <арифметичний вираз> - <добуток> / <вираз у дужках> 
# <ініціалізація змінних> \n <тип> IDN = <арифметичний вираз> - <добуток> 
# <ініціалізація змінних> \n <тип> IDN = <арифметичний вираз> - <дб> 
# <ініціалізація змінних> \n <тип> IDN = <арифметичний вираз> 
# <ініціалізація змінних> \n <тип> IDN = <аф> 
# <ініціалізація змінних> \n <тип> <оператор присвоєння> 
# <ініціалізація змінних> \n <тип> <оператор присвоєння> , 
# <ініціалізація змінних> \n <тип> <список змінних> 
# <ініціалізація змінних> \n <ініціалізація змінних> 
# <ініціалізація змінних> \n <ініціалізація змінних> \n 
# <ініціалізація змінних> \n <ініціалізація змінних> \n double 
# <ініціалізація змінних> \n <ініціалізація змінних> \n <тип> 
# <ініціалізація змінних> \n <ініціалізація змінних> \n <тип> IDN 
# <ініціалізація змінних> \n <ініціалізація змінних> \n <тип> IDN = 
# <ініціалізація змінних> \n <ініціалізація змінних> \n <тип> IDN = CON 
# <ініціалізація змінних> \n <ініціалізація змінних> \n <тип> IDN = <вираз у дужках> 
# <ініціалізація змінних> \n <ініціалізація змінних> \n <тип> IDN = <добуток> 
# <ініціалізація змінних> \n <ініціалізація змінних> \n <тип> IDN = <дб> 
# <ініціалізація змінних> \n <ініціалізація змінних> \n <тип> IDN = <арифметичний вираз> 
# <ініціалізація змінних> \n <ініціалізація змінних> \n <тип> IDN = <аф> 
# <ініціалізація змінних> \n <ініціалізація змінних> \n <тип> <оператор присвоєння> 
# <ініціалізація змінних> \n <ініціалізація змінних> \n <тип> <оператор присвоєння> , 
# <ініціалізація змінних> \n <ініціалізація змінних> \n <тип> <список змінних> 
# <ініціалізація змінних> \n <ініціалізація змінних> \n <ініціалізація змінних> 
# <ініціалізація змінних> \n <ініціалізація змінних> \n <ініціалізація змінних> \n 
# <ініціалізація змінних> \n <ініціалізація змінних> \n <блок змінних> 
# <ініціалізація змінних> \n <блок змінних> 
# <блок змінних> 
# <бз> 
# <бз> { 
# <бз> { POINTER 
# <бз> { <мітка> 
# <бз> { <оператор> 
# <бз> { <оператор> \n 
# <бз> { <оператор> \n POINTER 
# <бз> { <оператор> \n POINTER : 
# <бз> { <оператор> \n <мітка> 
# <бз> { <оператор> \n <оператор> 
# <бз> { <оператор> \n <оператор> \n 
# <бз> { <оператор> \n <оператор> \n cout 
# <бз> { <оператор> \n <оператор> \n cout >> 
# <бз> { <оператор> \n <оператор> \n cout >> IDN 
# <бз> { <оператор> \n <оператор> \n cout >> <ідентифікатор> 
# <бз> { <оператор> \n <оператор> \n cout >> <вираз у дужках> 
# <бз> { <оператор> \n <оператор> \n cout >> <добуток> 
# <бз> { <оператор> \n <оператор> \n cout >> <дб> 
# <бз> { <оператор> \n <оператор> \n cout >> <арифметичний вираз> 
# <бз> { <оператор> \n <оператор> \n cout >> <аф> 
# <бз> { <оператор> \n <оператор> \n cout <вираз оператора виводу> 
# <бз> { <оператор> \n <оператор> \n cout <аргументи оператора виводу> 
# <бз> { <оператор> \n <оператор> \n <оператор виводу> 
# <бз> { <оператор> \n <оператор> \n <оператор> 
# <бз> { <оператор> \n <оператор> \n <оператор> \n 
# <бз> { <оператор> \n <оператор> \n <блок операторів> 
# <бз> { <оператор> \n <бо2> 
# <бз> { <оператор> \n <блок операторів> 
# <бз> { <бо2> 
# <бз> { <блок операторів> 
# <бз> { <блок операторів1> 
# <бз> { <блок операторів1> } 
# <програма> 
# 
# int 
# <тип> 
# <тип> IDN 
# <тип> IDN = 
# <тип> IDN = CON 
# <тип> IDN = <вираз у дужках> 
# <тип> IDN = <добуток> 
# <тип> IDN = <дб> 
# <тип> IDN = <арифметичний вираз> 
# <тип> IDN = <арифметичний вираз> == 
# <тип> IDN = <арифметичний вираз> <знак відношення> 
# <тип> IDN = <арифметичний вираз> <знак відношення> CON 
# <тип> IDN = <арифметичний вираз> <знак відношення> <вираз у дужках> 
# <тип> IDN = <арифметичний вираз> <знак відношення> <добуток> 
# <тип> IDN = <арифметичний вираз> <знак відношення> <дб> 
# <тип> IDN = <арифметичний вираз> <знак відношення> <арифметичний вираз> 
# <тип> IDN = <арифметичний вираз> <знак відношення> <аф> 
# <тип> IDN = <відношення> 
# <тип> IDN = <відн> 
# <тип> <оператор присвоєння> 
# <тип> <оператор присвоєння> , 
# <тип> <оператор присвоєння> , IDN 
# <тип> <оператор присвоєння> , IDN = 
# <тип> <оператор присвоєння> , IDN = CON 
# <тип> <оператор присвоєння> , IDN = <вираз у дужках> 
# <тип> <оператор присвоєння> , IDN = <добуток> 
# <тип> <оператор присвоєння> , IDN = <дб> 
# <тип> <оператор присвоєння> , IDN = <арифметичний вираз> 
# <тип> <оператор присвоєння> , IDN = <арифметичний вираз> + 
# <тип> <оператор присвоєння> , IDN = <арифметичний вираз> + CON 
# <тип> <оператор присвоєння> , IDN = <арифметичний вираз> + <вираз у дужках> 
# <тип> <оператор присвоєння> , IDN = <арифметичний вираз> + <добуток> 
# <тип> <оператор присвоєння> , IDN = <арифметичний вираз> + <дб> 
# <тип> <оператор присвоєння> , IDN = <арифметичний вираз> 
# <тип> <оператор присвоєння> , IDN = <аф> 
# <тип> <оператор присвоєння> , <оператор присвоєння> 
# <тип> <оператор присвоєння> , <оператор присвоєння> , 
# <тип> <оператор присвоєння> , <список змінних> 
# <тип> <список змінних> 
# <ініціалізація змінних> 
# <ініціалізація змінних> \n 
# <ініціалізація змінних> \n int 
# <ініціалізація змінних> \n <тип> 
# <ініціалізація змінних> \n <тип> IDN 
# <ініціалізація змінних> \n <тип> IDN = 
# <ініціалізація змінних> \n <тип> IDN = CON 
# <ініціалізація змінних> \n <тип> IDN = <вираз у дужках> 
# <ініціалізація змінних> \n <тип> IDN = <добуток> 
# <ініціалізація змінних> \n <тип> IDN = <дб> 
# <ініціалізація змінних> \n <тип> IDN = <арифметичний вираз> 
# <ініціалізація змінних> \n <тип> IDN = <арифметичний вираз> - 
# <ініціалізація змінних> \n <тип> IDN = <арифметичний вираз> - CON 
# <ініціалізація змінних> \n <тип> IDN = <арифметичний вираз> - <вираз у дужках> 
# <ініціалізація змінних> \n <тип> IDN = <арифметичний вираз> - <добуток> 
# <ініціалізація змінних> \n <тип> IDN = <арифметичний вираз> - <добуток> / 
# <ініціалізація змінних> \n <тип> IDN = <арифметичний вираз> - <добуток> / ( 
# <ініціалізація змінних> \n <тип> IDN = <арифметичний вираз> - <добуток> / ( CON 
# <ініціалізація змінних> \n <тип> IDN = <арифметичний вираз> - <добуток> / ( <вираз у дужках> 
# <ініціалізація змінних> \n <тип> IDN = <арифметичний вираз> - <добуток> / ( <добуток> 
# <ініціалізація змінних> \n <тип> IDN = <арифметичний вираз> - <добуток> / ( <дб> 
# <ініціалізація змінних> \n <тип> IDN = <арифметичний вираз> - <добуток> / ( <арифметичний вираз> 
# <ініціалізація змінних> \n <тип> IDN = <арифметичний вираз> - <добуток> / ( <арифметичний вираз> - 
# <ініціалізація змінних> \n <тип> IDN = <арифметичний вираз> - <добуток> / ( <арифметичний вираз> - CON 
# <ініціалізація змінних> \n <тип> IDN = <арифметичний вираз> - <добуток> / ( <арифметичний вираз> - <вираз у дужках> 
# <ініціалізація змінних> \n <тип> IDN = <арифметичний вираз> - <добуток> / ( <арифметичний вираз> - <добуток> 
# <ініціалізація змінних> \n <тип> IDN = <арифметичний вираз> - <добуток> / ( <арифметичний вираз> - <дб> 
# <ініціалізація змінних> \n <тип> IDN = <арифметичний вираз> - <добуток> / ( <арифметичний вираз> 
# <ініціалізація змінних> \n <тип> IDN = <арифметичний вираз> - <добуток> / ( <аф> 
# <ініціалізація змінних> \n <тип> IDN = <арифметичний вираз> - <добуток> / ( <аф1> 
# <ініціалізація змінних> \n <тип> IDN = <арифметичний вираз> - <добуток> / ( <аф1> ) 
# <ініціалізація змінних> \n <тип> IDN = <арифметичний вираз> - <добуток> / <вираз у дужках> 
# <ініціалізація змінних> \n <тип> IDN = <арифметичний вираз> - <добуток> 
# <ініціалізація змінних> \n <тип> IDN = <арифметичний вираз> - <дб> 
# <ініціалізація змінних> \n <тип> IDN = <арифметичний вираз> 
# <ініціалізація змінних> \n <тип> IDN = <аф> 
# <ініціалізація змінних> \n <тип> <оператор присвоєння> 
# <ініціалізація змінних> \n <тип> <оператор присвоєння> , 
# <ініціалізація змінних> \n <тип> <список змінних> 
# <ініціалізація змінних> \n <ініціалізація змінних> 
# <ініціалізація змінних> \n <ініціалізація змінних> \n 
# <ініціалізація змінних> \n <ініціалізація змінних> \n double 
# <ініціалізація змінних> \n <ініціалізація змінних> \n <тип> 
# <ініціалізація змінних> \n <ініціалізація змінних> \n <тип> IDN 
# <ініціалізація змінних> \n <ініціалізація змінних> \n <тип> IDN = 
# <ініціалізація змінних> \n <ініціалізація змінних> \n <тип> IDN = CON 
# <ініціалізація змінних> \n <ініціалізація змінних> \n <тип> IDN = <вираз у дужках> 
# <ініціалізація змінних> \n <ініціалізація змінних> \n <тип> IDN = <добуток> 
# <ініціалізація змінних> \n <ініціалізація змінних> \n <тип> IDN = <дб> 
# <ініціалізація змінних> \n <ініціалізація змінних> \n <тип> IDN = <арифметичний вираз> 
# <ініціалізація змінних> \n <ініціалізація змінних> \n <тип> IDN = <аф> 
# <ініціалізація змінних> \n <ініціалізація змінних> \n <тип> <оператор присвоєння> 
# <ініціалізація змінних> \n <ініціалізація змінних> \n <тип> <оператор присвоєння> , 
# <ініціалізація змінних> \n <ініціалізація змінних> \n <тип> <список змінних> 
# <ініціалізація змінних> \n <ініціалізація змінних> \n <ініціалізація змінних> 
# <ініціалізація змінних> \n <ініціалізація змінних> \n <ініціалізація змінних> \n 
# <ініціалізація змінних> \n <ініціалізація змінних> \n <блок змінних> 
# <ініціалізація змінних> \n <блок змінних> 
# <блок змінних> 
# <бз> 
# <бз> { 
# <бз> { POINTER 
# <бз> { <мітка> 
# <бз> { <оператор> 
# <бз> { <оператор> \n 
# <бз> { <оператор> \n POINTER 
# <бз> { <оператор> \n POINTER : 
# <бз> { <оператор> \n <мітка> 
# <бз> { <оператор> \n <оператор> 
# <бз> { <оператор> \n <оператор> \n 
# <бз> { <оператор> \n <оператор> \n cout 
# <бз> { <оператор> \n <оператор> \n cout >> 
# <бз> { <оператор> \n <оператор> \n cout >> IDN 
# <бз> { <оператор> \n <оператор> \n cout >> <ідентифікатор> 
# <бз> { <оператор> \n <оператор> \n cout >> <вираз у дужках> 
# <бз> { <оператор> \n <оператор> \n cout >> <добуток> 
# <бз> { <оператор> \n <оператор> \n cout >> <дб> 
# <бз> { <оператор> \n <оператор> \n cout >> <арифметичний вираз> 
# <бз> { <оператор> \n <оператор> \n cout >> <аф> 
# <бз> { <оператор> \n <оператор> \n cout <вираз оператора виводу> 
# <бз> { <оператор> \n <оператор> \n cout <аргументи оператора виводу> 
# <бз> { <оператор> \n <оператор> \n <оператор виводу> 
# <бз> { <оператор> \n <оператор> \n <оператор> 
# <бз> { <оператор> \n <оператор> \n <оператор> \n 
# <бз> { <оператор> \n <оператор> \n <блок операторів> 
# <бз> { <оператор> \n <бо2> 
# <бз> { <оператор> \n <блок операторів> 
# <бз> { <бо2> 
# <бз> { <блок операторів> 
# <бз> { <блок операторів1> 
# <бз> { <блок операторів1> } 
# <програма> 
# 
# int 
# <тип> 
# <тип> IDN 
# <тип> IDN = 
# <тип> IDN = CON 
# <тип> IDN = <вираз у дужках> 
# <тип> IDN = <добуток> 
# <тип> IDN = <дб> 
# <тип> IDN = <арифметичний вираз> 
# <тип> IDN = <арифметичний вираз> == 
# <тип> IDN = <арифметичний вираз> <знак відношення> 
# <тип> IDN = <арифметичний вираз> <знак відношення> CON 
# <тип> IDN = <арифметичний вираз> <знак відношення> <вираз у дужках> 
# <тип> IDN = <арифметичний вираз> <знак відношення> <добуток> 
# <тип> IDN = <арифметичний вираз> <знак відношення> <дб> 
# <тип> IDN = <арифметичний вираз> <знак відношення> <арифметичний вираз> 
# <тип> IDN = <арифметичний вираз> <знак відношення> <аф> 
# <тип> IDN = <відношення> 
# <тип> IDN = <відн> 
# <тип> <оператор присвоєння> 
# <тип> <оператор присвоєння> , 
# <тип> <оператор присвоєння> , IDN 
# <тип> <оператор присвоєння> , IDN = 
# <тип> <оператор присвоєння> , IDN = CON 
# <тип> <оператор присвоєння> , IDN = <вираз у дужках> 
# <тип> <оператор присвоєння> , IDN = <добуток> 
# <тип> <оператор присвоєння> , IDN = <дб> 
# <тип> <оператор присвоєння> , IDN = <арифметичний вираз> 
# <тип> <оператор присвоєння> , IDN = <арифметичний вираз> + 
# <тип> <оператор присвоєння> , IDN = <арифметичний вираз> + CON 
# <тип> <оператор присвоєння> , IDN = <арифметичний вираз> + <вираз у дужках> 
# <тип> <оператор присвоєння> , IDN = <арифметичний вираз> + <добуток> 
# <тип> <оператор присвоєння> , IDN = <арифметичний вираз> + <дб> 
# <тип> <оператор присвоєння> , IDN = <арифметичний вираз> 
# <тип> <оператор присвоєння> , IDN = <аф> 
# <тип> <оператор присвоєння> , <оператор присвоєння> 
# <тип> <оператор присвоєння> , <оператор присвоєння> , 
# <тип> <оператор присвоєння> , <список змінних> 
# <тип> <список змінних> 
# <ініціалізація змінних> 
# <ініціалізація змінних> \n 
# <ініціалізація змінних> \n int 
# <ініціалізація змінних> \n <тип> 
# <ініціалізація змінних> \n <тип> IDN 
# <ініціалізація змінних> \n <тип> IDN = 
# <ініціалізація змінних> \n <тип> IDN = CON 
# <ініціалізація змінних> \n <тип> IDN = <вираз у дужках> 
# <ініціалізація змінних> \n <тип> IDN = <добуток> 
# <ініціалізація змінних> \n <тип> IDN = <дб> 
# <ініціалізація змінних> \n <тип> IDN = <арифметичний вираз> 
# <ініціалізація змінних> \n <тип> IDN = <арифметичний вираз> - 
# <ініціалізація змінних> \n <тип> IDN = <арифметичний вираз> - CON 
# <ініціалізація змінних> \n <тип> IDN = <арифметичний вираз> - <вираз у дужках> 
# <ініціалізація змінних> \n <тип> IDN = <арифметичний вираз> - <добуток> 
# <ініціалізація змінних> \n <тип> IDN = <арифметичний вираз> - <добуток> / 
# <ініціалізація змінних> \n <тип> IDN = <арифметичний вираз> - <добуток> / ( 
# <ініціалізація змінних> \n <тип> IDN = <арифметичний вираз> - <добуток> / ( CON 
# <ініціалізація змінних> \n <тип> IDN = <арифметичний вираз> - <добуток> / ( <вираз у дужках> 
# <ініціалізація змінних> \n <тип> IDN = <арифметичний вираз> - <добуток> / ( <добуток> 
# <ініціалізація змінних> \n <тип> IDN = <арифметичний вираз> - <добуток> / ( <дб> 
# <ініціалізація змінних> \n <тип> IDN = <арифметичний вираз> - <добуток> / ( <арифметичний вираз> 
# <ініціалізація змінних> \n <тип> IDN = <арифметичний вираз> - <добуток> / ( <арифметичний вираз> - 
# <ініціалізація змінних> \n <тип> IDN = <арифметичний вираз> - <добуток> / ( <арифметичний вираз> - CON 
# <ініціалізація змінних> \n <тип> IDN = <арифметичний вираз> - <добуток> / ( <арифметичний вираз> - <вираз у дужках> 
# <ініціалізація змінних> \n <тип> IDN = <арифметичний вираз> - <добуток> / ( <арифметичний вираз> - <добуток> 
# <ініціалізація змінних> \n <тип> IDN = <арифметичний вираз> - <добуток> / ( <арифметичний вираз> - <дб> 
# <ініціалізація змінних> \n <тип> IDN = <арифметичний вираз> - <добуток> / ( <арифметичний вираз> 
# <ініціалізація змінних> \n <тип> IDN = <арифметичний вираз> - <добуток> / ( <аф> 
# <ініціалізація змінних> \n <тип> IDN = <арифметичний вираз> - <добуток> / ( <аф1> 
# <ініціалізація змінних> \n <тип> IDN = <арифметичний вираз> - <добуток> / ( <аф1> ) 
# <ініціалізація змінних> \n <тип> IDN = <арифметичний вираз> - <добуток> / <вираз у дужках> 
# <ініціалізація змінних> \n <тип> IDN = <арифметичний вираз> - <добуток> 
# <ініціалізація змінних> \n <тип> IDN = <арифметичний вираз> - <дб> 
# <ініціалізація змінних> \n <тип> IDN = <арифметичний вираз> 
# <ініціалізація змінних> \n <тип> IDN = <аф> 
# <ініціалізація змінних> \n <тип> <оператор присвоєння> 
# <ініціалізація змінних> \n <тип> <оператор присвоєння> , 
# <ініціалізація змінних> \n <тип> <список змінних> 
# <ініціалізація змінних> \n <ініціалізація змінних> 
# <ініціалізація змінних> \n <ініціалізація змінних> \n 
# <ініціалізація змінних> \n <ініціалізація змінних> \n double 
# <ініціалізація змінних> \n <ініціалізація змінних> \n <тип> 
# <ініціалізація змінних> \n <ініціалізація змінних> \n <тип> IDN 
# <ініціалізація змінних> \n <ініціалізація змінних> \n <тип> IDN = 
# <ініціалізація змінних> \n <ініціалізація змінних> \n <тип> IDN = CON 
# <ініціалізація змінних> \n <ініціалізація змінних> \n <тип> IDN = <вираз у дужках> 
# <ініціалізація змінних> \n <ініціалізація змінних> \n <тип> IDN = <добуток> 
# <ініціалізація змінних> \n <ініціалізація змінних> \n <тип> IDN = <дб> 
# <ініціалізація змінних> \n <ініціалізація змінних> \n <тип> IDN = <арифметичний вираз> 
# <ініціалізація змінних> \n <ініціалізація змінних> \n <тип> IDN = <аф> 
# <ініціалізація змінних> \n <ініціалізація змінних> \n <тип> <оператор присвоєння> 
# <ініціалізація змінних> \n <ініціалізація змінних> \n <тип> <оператор присвоєння> , 
# <ініціалізація змінних> \n <ініціалізація змінних> \n <тип> <список змінних> 
# <ініціалізація змінних> \n <ініціалізація змінних> \n <ініціалізація змінних> 
# <ініціалізація змінних> \n <ініціалізація змінних> \n <ініціалізація змінних> \n 
# <ініціалізація змінних> \n <ініціалізація змінних> \n <блок змінних> 
# <ініціалізація змінних> \n <блок змінних> 
# <блок змінних> 
# <бз> 
# <бз> { 
# <бз> { POINTER 
# <бз> { <мітка> 
# <бз> { <оператор> 
# <бз> { <оператор> \n 
# <бз> { <оператор> \n POINTER 
# <бз> { <оператор> \n POINTER : 
# <бз> { <оператор> \n <мітка> 
# <бз> { <оператор> \n <оператор> 
# <бз> { <оператор> \n <оператор> \n 
# <бз> { <оператор> \n <оператор> \n cout 
# <бз> { <оператор> \n <оператор> \n cout >> 
# <бз> { <оператор> \n <оператор> \n cout >> IDN 
# <бз> { <оператор> \n <оператор> \n cout >> <ідентифікатор> 
# <бз> { <оператор> \n <оператор> \n cout >> <вираз у дужках> 
# <бз> { <оператор> \n <оператор> \n cout >> <добуток> 
# <бз> { <оператор> \n <оператор> \n cout >> <дб> 
# <бз> { <оператор> \n <оператор> \n cout >> <арифметичний вираз> 
# <бз> { <оператор> \n <оператор> \n cout >> <аф> 
# <бз> { <оператор> \n <оператор> \n cout <вираз оператора виводу> 
# <бз> { <оператор> \n <оператор> \n cout <аргументи оператора виводу> 
# <бз> { <оператор> \n <оператор> \n <оператор виводу> 
# <бз> { <оператор> \n <оператор> \n <оператор> 
# <бз> { <оператор> \n <оператор> \n <оператор> \n 
# <бз> { <оператор> \n <оператор> \n <блок операторів> 
# <бз> { <оператор> \n <бо2> 
# <бз> { <оператор> \n <блок операторів> 
# <бз> { <бо2> 
# <бз> { <блок операторів> 
# <бз> { <блок операторів1> 
# <бз> { <блок операторів1> } 
# <програма> 
# <програма> \n 
# <програма> 
# <програма> \n 
# <програма> 
# <програма> \n 
# <програма> 
# <програма> \n 
# <програма> 
